<?xml version="1.0" encoding="UTF-8" standalone="yes"?>
<!DOCTYPE report PUBLIC "-//JACOCO//DTD Report 1.1//EN" "report.dtd">
<report name="">
    <package name="">
        <counter type="INSTRUCTION" missed="62" covered="13" />
        <counter type="BRANCH" missed="4" covered="0" />
        <counter type="LINE" missed="11" covered="1" />
        <counter type="COMPLEXITY" missed="8" covered="2" />
        <counter type="METHOD" missed="6" covered="2" />
        <counter type="CLASS" missed="2" covered="1" />
    </package>
    <counter type="INSTRUCTION" missed="138" covered="79" />
    <counter type="BRANCH" missed="4" covered="4" />
    <counter type="LINE" missed="29" covered="14" />
    <counter type="COMPLEXITY" missed="19" covered="8" />
    <counter type="METHOD" missed="17" covered="6" />
    <counter type="CLASS" missed="8" covered="3" />
</report>